<?xml version="1.0" encoding="UTF-8"?>
<!-- Generated by org.testng.reporters.JUnitReportReporter -->
<testsuite skipped="0" hostname="Murali" name="com.prabu.maven.simple.TestAllAnnotations" tests="3" failures="0" timestamp="13 Sep 2017 15:17:07 GMT" time="0.109" errors="0">
  <testcase name="f" time="0.016" classname="com.prabu.maven.simple.TestAllAnnotations"/>
  <testcase name="f" time="0.093" classname="com.prabu.maven.simple.TestAllAnnotations"/>
  <testcase name="f" time="0.000" classname="com.prabu.maven.simple.TestAllAnnotations"/>
</testsuite> <!-- com.prabu.maven.simple.TestAllAnnotations -->
